<?xml version="1.0" encoding="UTF-8"?>
<testng-results skipped="0" failed="0" ignored="0" total="1" passed="1">
  <reporter-output>
  </reporter-output>
  <suite name="Default suite" duration-ms="214720" started-at="2018-02-15T12:08:21Z" finished-at="2018-02-15T12:11:56Z">
    <groups>
    </groups>
    <test name="Default test" duration-ms="214720" started-at="2018-02-15T12:08:21Z" finished-at="2018-02-15T12:11:56Z">
      <class name="demoo.qa1">
        <test-method status="PASS" signature="input()[pri:0, instance:demoo.qa1@731a74c]" name="input" duration-ms="214693" started-at="2018-02-15T17:38:21Z" finished-at="2018-02-15T17:41:56Z">
          <reporter-output>
          </reporter-output>
        </test-method> <!-- input -->
      </class> <!-- demoo.qa1 -->
    </test> <!-- Default test -->
  </suite> <!-- Default suite -->
</testng-results>
